{"meta": {"format": 3, "version": "7.8.0", "timestamp": "2026-03-03T12:32:23.221263", "branch_coverage": true, "show_contexts": false}, "files": {"task_tui/__init__.py": {"executed_lines": [], "summary": {"covered_lines": 0, "num_statements": 0, "percent_covered": 100.0, "percent_covered_display": "100", "missing_lines": 0, "excluded_lines": 0, "num_branches": 0, "num_partial_branches": 0, "covered_branches": 0, "missing_branches": 0}, "missing_lines": [], "excluded_lines": [], "executed_branches": [], "missing_branches": [], "functions": {"": {"executed_lines": [], "summary": {"covered_lines": 0, "num_statements": 0, "percent_covered": 100.0, "percent_covered_display": "100", "missing_lines": 0, "excluded_lines": 0, "num_branches": 0, "num_partial_branches": 0, "covered_branches": 0, "missing_branches": 0}, "missing_lines": [], "excluded_lines": [], "executed_branches": [], "missing_branches": []}}, "classes": {"": {"executed_lines": [], "summary": {"covered_lines": 0, "num_statements": 0, "percent_covered": 100.0, "percent_covered_display": "100", "missing_lines": 0, "excluded_lines": 0, "num_branches": 0, "num_partial_branches": 0, "covered_branches": 0, "missing_branches": 0}, "missing_lines": [], "excluded_lines": [], "executed_branches": [], "missing_branches": []}}}, "task_tui/app.py": {"executed_lines": [1, 2, 3, 4, 5, 6, 7, 8, 17, 18, 20, 21, 22, 25, 35, 36, 58, 81, 83, 93, 125, 128, 140, 222, 243, 254, 261, 265, 268, 271, 274, 277, 281, 285, 300, 318, 326, 339, 366, 378, 388, 396, 405, 421, 441, 462, 479, 564, 577, 590, 598, 618, 657, 661, 706, 711, 746], "summary": {"covered_lines": 57, "num_statements": 379, "percent_covered": 11.439842209072978, "percent_covered_display": "11", "missing_lines": 322, "excluded_lines": 0, "num_branches": 128, "num_partial_branches": 1, "covered_branches": 1, "missing_branches": 127}, "missing_lines": [27, 28, 29, 30, 31, 84, 85, 86, 87, 88, 89, 90, 91, 94, 95, 96, 97, 98, 99, 100, 101, 102, 103, 104, 108, 109, 110, 111, 112, 113, 114, 120, 121, 122, 123, 126, 129, 130, 131, 132, 134, 135, 136, 138, 141, 142, 143, 144, 145, 146, 149, 150, 151, 152, 154, 155, 223, 224, 229, 245, 246, 255, 256, 257, 262, 263, 266, 269, 272, 275, 278, 279, 282, 283, 286, 287, 292, 293, 294, 296, 297, 298, 301, 302, 303, 304, 306, 307, 308, 309, 310, 311, 312, 314, 319, 320, 321, 322, 323, 324, 327, 328, 329, 330, 331, 332, 333, 334, 335, 336, 337, 340, 343, 345, 346, 348, 349, 350, 351, 352, 353, 355, 356, 358, 359, 361, 367, 368, 369, 370, 371, 372, 373, 374, 376, 379, 380, 381, 383, 384, 386, 389, 390, 391, 393, 394, 397, 398, 399, 400, 401, 403, 406, 422, 425, 426, 427, 428, 429, 434, 435, 437, 438, 439, 442, 445, 446, 447, 448, 449, 454, 455, 457, 458, 459, 463, 464, 465, 466, 467, 468, 469, 471, 472, 473, 474, 475, 476, 477, 480, 483, 484, 486, 487, 496, 497, 504, 506, 508, 509, 510, 511, 512, 513, 514, 516, 518, 519, 521, 524, 530, 531, 532, 533, 535, 536, 537, 538, 540, 541, 542, 544, 557, 559, 560, 562, 565, 566, 568, 569, 570, 579, 580, 584, 586, 588, 592, 593, 595, 596, 599, 600, 601, 602, 603, 604, 605, 607, 608, 609, 610, 611, 612, 613, 614, 616, 619, 620, 621, 622, 625, 627, 628, 629, 630, 631, 632, 633, 634, 636, 637, 638, 639, 640, 651, 653, 654, 655, 658, 659, 662, 663, 668, 669, 671, 672, 673, 674, 676, 677, 678, 680, 692, 694, 696, 697, 698, 700, 701, 702, 703, 704, 707, 708, 712, 717, 722, 728, 730, 731, 732, 733, 735, 736, 737, 738, 739, 740, 741, 742, 743, 747], "excluded_lines": [], "executed_branches": [[746, -1]], "missing_branches": [[130, 131], [130, 134], [135, 136], [135, 138], [141, 142], [141, 149], [143, 144], [143, 149], [149, 150], [149, 154], [154, -140], [154, 155], [223, 224], [223, 229], [245, -243], [245, 246], [255, -254], [255, 256], [262, -261], [262, 263], [292, 293], [292, 296], [301, 302], [301, 303], [304, -300], [304, 306], [307, -306], [307, 308], [309, -306], [309, 310], [310, 309], [310, 311], [321, 322], [321, 323], [327, 328], [327, 329], [330, -326], [330, 331], [345, 346], [345, 348], [349, 350], [349, 355], [358, 359], [358, 361], [368, -367], [368, 369], [371, -367], [371, 372], [372, 371], [372, 373], [380, -379], [380, 381], [389, -388], [389, 390], [390, 391], [390, 393], [398, 399], [398, 400], [400, -397], [400, 401], [426, 427], [426, 437], [427, 426], [427, 428], [438, -421], [438, 439], [446, 447], [446, 457], [447, 446], [447, 448], [458, -441], [458, 459], [465, 466], [465, 471], [473, -462], [473, 474], [474, -462], [474, 475], [475, 474], [475, 476], [496, 497], [496, 506], [510, 511], [510, 516], [516, 518], [516, 521], [530, -479], [530, 531], [557, 530], [557, 559], [565, 566], [565, 568], [579, 580], [579, 586], [586, -577], [586, 588], [592, 593], [592, 595], [595, -590], [595, 596], [600, 601], [600, 602], [612, 613], [612, 616], [627, 628], [627, 636], [631, 632], [631, 653], [633, 631], [633, 634], [639, 640], [639, 653], [653, -618], [653, 654], [658, -657], [658, 659], [662, 663], [662, 668], [673, 674], [673, 676], [677, 678], [677, 680], [694, 696], [694, 700], [730, 731], [730, 735], [746, 747]], "functions": {"check_taskwarrior_installed": {"executed_lines": [], "summary": {"covered_lines": 0, "num_statements": 5, "percent_covered": 0.0, "percent_covered_display": "0", "missing_lines": 5, "excluded_lines": 0, "num_branches": 0, "num_partial_branches": 0, "covered_branches": 0, "missing_branches": 0}, "missing_lines": [27, 28, 29, 30, 31], "excluded_lines": [], "executed_branches": [], "missing_branches": []}, "TaskProApp.__init__": {"executed_lines": [], "summary": {"covered_lines": 0, "num_statements": 8, "percent_covered": 0.0, "percent_covered_display": "0", "missing_lines": 8, "excluded_lines": 0, "num_branches": 0, "num_partial_branches": 0, "covered_branches": 0, "missing_branches": 0}, "missing_lines": [84, 85, 86, 87, 88, 89, 90, 91], "excluded_lines": [], "executed_branches": [], "missing_branches": []}, "TaskProApp.compose": {"executed_lines": [], "summary": {"covered_lines": 0, "num_statements": 22, "percent_covered": 0.0, "percent_covered_display": "0", "missing_lines": 22, "excluded_lines": 0, "num_branches": 0, "num_partial_branches": 0, "covered_branches": 0, "missing_branches": 0}, "missing_lines": [94, 95, 96, 97, 98, 99, 100, 101, 102, 103, 104, 108, 109, 110, 111, 112, 113, 114, 120, 121, 122, 123], "excluded_lines": [], "executed_branches": [], "missing_branches": []}, "TaskProApp.on_mount": {"executed_lines": [], "summary": {"covered_lines": 0, "num_statements": 1, "percent_covered": 0.0, "percent_covered_display": "0", "missing_lines": 1, "excluded_lines": 0, "num_branches": 0, "num_partial_branches": 0, "covered_branches": 0, "missing_branches": 0}, "missing_lines": [126], "excluded_lines": [], "executed_branches": [], "missing_branches": []}, "TaskProApp.on_unmount": {"executed_lines": [], "summary": {"covered_lines": 0, "num_statements": 8, "percent_covered": 0.0, "percent_covered_display": "0", "missing_lines": 8, "excluded_lines": 0, "num_branches": 4, "num_partial_branches": 0, "covered_branches": 0, "missing_branches": 4}, "missing_lines": [129, 130, 131, 132, 134, 135, 136, 138], "excluded_lines": [], "executed_branches": [], "missing_branches": [[130, 131], [130, 134], [135, 136], [135, 138]]}, "TaskProApp.on_key": {"executed_lines": [], "summary": {"covered_lines": 0, "num_statements": 12, "percent_covered": 0.0, "percent_covered_display": "0", "missing_lines": 12, "excluded_lines": 0, "num_branches": 8, "num_partial_branches": 0, "covered_branches": 0, "missing_branches": 8}, "missing_lines": [141, 142, 143, 144, 145, 146, 149, 150, 151, 152, 154, 155], "excluded_lines": [], "executed_branches": [], "missing_branches": [[141, 142], [141, 149], [143, 144], [143, 149], [149, 150], [149, 154], [154, -140], [154, 155]]}, "TaskProApp.action_quit": {"executed_lines": [], "summary": {"covered_lines": 0, "num_statements": 3, "percent_covered": 0.0, "percent_covered_display": "0", "missing_lines": 3, "excluded_lines": 0, "num_branches": 2, "num_partial_branches": 0, "covered_branches": 0, "missing_branches": 2}, "missing_lines": [223, 224, 229], "excluded_lines": [], "executed_branches": [], "missing_branches": [[223, 224], [223, 229]]}, "TaskProApp.on_descendant_focus": {"executed_lines": [], "summary": {"covered_lines": 0, "num_statements": 2, "percent_covered": 0.0, "percent_covered_display": "0", "missing_lines": 2, "excluded_lines": 0, "num_branches": 2, "num_partial_branches": 0, "covered_branches": 0, "missing_branches": 2}, "missing_lines": [245, 246], "excluded_lines": [], "executed_branches": [], "missing_branches": [[245, -243], [245, 246]]}, "TaskProApp.on_input_changed": {"executed_lines": [], "summary": {"covered_lines": 0, "num_statements": 3, "percent_covered": 0.0, "percent_covered_display": "0", "missing_lines": 3, "excluded_lines": 0, "num_branches": 2, "num_partial_branches": 0, "covered_branches": 0, "missing_branches": 2}, "missing_lines": [255, 256, 257], "excluded_lines": [], "executed_branches": [], "missing_branches": [[255, -254], [255, 256]]}, "TaskProApp.on_select_changed": {"executed_lines": [], "summary": {"covered_lines": 0, "num_statements": 2, "percent_covered": 0.0, "percent_covered_display": "0", "missing_lines": 2, "excluded_lines": 0, "num_branches": 2, "num_partial_branches": 0, "covered_branches": 0, "missing_branches": 2}, "missing_lines": [262, 263], "excluded_lines": [], "executed_branches": [], "missing_branches": [[262, -261], [262, 263]]}, "TaskProApp.action_cursor_down": {"executed_lines": [], "summary": {"covered_lines": 0, "num_statements": 1, "percent_covered": 0.0, "percent_covered_display": "0", "missing_lines": 1, "excluded_lines": 0, "num_branches": 0, "num_partial_branches": 0, "covered_branches": 0, "missing_branches": 0}, "missing_lines": [266], "excluded_lines": [], "executed_branches": [], "missing_branches": []}, "TaskProApp.action_cursor_up": {"executed_lines": [], "summary": {"covered_lines": 0, "num_statements": 1, "percent_covered": 0.0, "percent_covered_display": "0", "missing_lines": 1, "excluded_lines": 0, "num_branches": 0, "num_partial_branches": 0, "covered_branches": 0, "missing_branches": 0}, "missing_lines": [269], "excluded_lines": [], "executed_branches": [], "missing_branches": []}, "TaskProApp.action_cursor_left": {"executed_lines": [], "summary": {"covered_lines": 0, "num_statements": 1, "percent_covered": 0.0, "percent_covered_display": "0", "missing_lines": 1, "excluded_lines": 0, "num_branches": 0, "num_partial_branches": 0, "covered_branches": 0, "missing_branches": 0}, "missing_lines": [272], "excluded_lines": [], "executed_branches": [], "missing_branches": []}, "TaskProApp.action_cursor_right": {"executed_lines": [], "summary": {"covered_lines": 0, "num_statements": 1, "percent_covered": 0.0, "percent_covered_display": "0", "missing_lines": 1, "excluded_lines": 0, "num_branches": 0, "num_partial_branches": 0, "covered_branches": 0, "missing_branches": 0}, "missing_lines": [275], "excluded_lines": [], "executed_branches": [], "missing_branches": []}, "TaskProApp.action_scroll_top": {"executed_lines": [], "summary": {"covered_lines": 0, "num_statements": 2, "percent_covered": 0.0, "percent_covered_display": "0", "missing_lines": 2, "excluded_lines": 0, "num_branches": 0, "num_partial_branches": 0, "covered_branches": 0, "missing_branches": 0}, "missing_lines": [278, 279], "excluded_lines": [], "executed_branches": [], "missing_branches": []}, "TaskProApp.action_scroll_bottom": {"executed_lines": [], "summary": {"covered_lines": 0, "num_statements": 2, "percent_covered": 0.0, "percent_covered_display": "0", "missing_lines": 2, "excluded_lines": 0, "num_branches": 0, "num_partial_branches": 0, "covered_branches": 0, "missing_branches": 0}, "missing_lines": [282, 283], "excluded_lines": [], "executed_branches": [], "missing_branches": []}, "TaskProApp.action_undo": {"executed_lines": [], "summary": {"covered_lines": 0, "num_statements": 8, "percent_covered": 0.0, "percent_covered_display": "0", "missing_lines": 8, "excluded_lines": 0, "num_branches": 2, "num_partial_branches": 0, "covered_branches": 0, "missing_branches": 2}, "missing_lines": [286, 287, 292, 293, 294, 296, 297, 298], "excluded_lines": [], "executed_branches": [], "missing_branches": [[292, 293], [292, 296]]}, "TaskProApp.action_view_dependencies": {"executed_lines": [], "summary": {"covered_lines": 0, "num_statements": 6, "percent_covered": 0.0, "percent_covered_display": "0", "missing_lines": 6, "excluded_lines": 0, "num_branches": 4, "num_partial_branches": 0, "covered_branches": 0, "missing_branches": 4}, "missing_lines": [301, 302, 303, 304, 306, 314], "excluded_lines": [], "executed_branches": [], "missing_branches": [[301, 302], [301, 303], [304, -300], [304, 306]]}, "TaskProApp.action_view_dependencies.on_jump_to": {"executed_lines": [], "summary": {"covered_lines": 0, "num_statements": 6, "percent_covered": 0.0, "percent_covered_display": "0", "missing_lines": 6, "excluded_lines": 0, "num_branches": 6, "num_partial_branches": 0, "covered_branches": 0, "missing_branches": 6}, "missing_lines": [307, 308, 309, 310, 311, 312], "excluded_lines": [], "executed_branches": [], "missing_branches": [[307, -306], [307, 308], [309, -306], [309, 310], [310, 309], [310, 311]]}, "TaskProApp.action_new_task": {"executed_lines": [], "summary": {"covered_lines": 0, "num_statements": 6, "percent_covered": 0.0, "percent_covered_display": "0", "missing_lines": 6, "excluded_lines": 0, "num_branches": 2, "num_partial_branches": 0, "covered_branches": 0, "missing_branches": 2}, "missing_lines": [319, 320, 321, 322, 323, 324], "excluded_lines": [], "executed_branches": [], "missing_branches": [[321, 322], [321, 323]]}, "TaskProApp.action_toggle_start": {"executed_lines": [], "summary": {"covered_lines": 0, "num_statements": 11, "percent_covered": 0.0, "percent_covered_display": "0", "missing_lines": 11, "excluded_lines": 0, "num_branches": 4, "num_partial_branches": 0, "covered_branches": 0, "missing_branches": 4}, "missing_lines": [327, 328, 329, 330, 331, 332, 333, 334, 335, 336, 337], "excluded_lines": [], "executed_branches": [], "missing_branches": [[327, 328], [327, 329], [330, -326], [330, 331]]}, "TaskProApp.action_mark_done": {"executed_lines": [], "summary": {"covered_lines": 0, "num_statements": 15, "percent_covered": 0.0, "percent_covered_display": "0", "missing_lines": 15, "excluded_lines": 0, "num_branches": 6, "num_partial_branches": 0, "covered_branches": 0, "missing_branches": 6}, "missing_lines": [340, 343, 345, 346, 348, 349, 350, 351, 352, 353, 355, 356, 358, 359, 361], "excluded_lines": [], "executed_branches": [], "missing_branches": [[345, 346], [345, 348], [349, 350], [349, 355], [358, 359], [358, 361]]}, "TaskProApp.action_fuzzy_find": {"executed_lines": [], "summary": {"covered_lines": 0, "num_statements": 2, "percent_covered": 0.0, "percent_covered_display": "0", "missing_lines": 2, "excluded_lines": 0, "num_branches": 0, "num_partial_branches": 0, "covered_branches": 0, "missing_branches": 0}, "missing_lines": [367, 376], "excluded_lines": [], "executed_branches": [], "missing_branches": []}, "TaskProApp.action_fuzzy_find.on_select": {"executed_lines": [], "summary": {"covered_lines": 0, "num_statements": 7, "percent_covered": 0.0, "percent_covered_display": "0", "missing_lines": 7, "excluded_lines": 0, "num_branches": 6, "num_partial_branches": 0, "covered_branches": 0, "missing_branches": 6}, "missing_lines": [368, 369, 370, 371, 372, 373, 374], "excluded_lines": [], "executed_branches": [], "missing_branches": [[368, -367], [368, 369], [371, -367], [371, 372], [372, 371], [372, 373]]}, "TaskProApp.action_fuzzy_find_dep": {"executed_lines": [], "summary": {"covered_lines": 0, "num_statements": 2, "percent_covered": 0.0, "percent_covered_display": "0", "missing_lines": 2, "excluded_lines": 0, "num_branches": 0, "num_partial_branches": 0, "covered_branches": 0, "missing_branches": 0}, "missing_lines": [379, 386], "excluded_lines": [], "executed_branches": [], "missing_branches": []}, "TaskProApp.action_fuzzy_find_dep.on_select": {"executed_lines": [], "summary": {"covered_lines": 0, "num_statements": 4, "percent_covered": 0.0, "percent_covered_display": "0", "missing_lines": 4, "excluded_lines": 0, "num_branches": 2, "num_partial_branches": 0, "covered_branches": 0, "missing_branches": 2}, "missing_lines": [380, 381, 383, 384], "excluded_lines": [], "executed_branches": [], "missing_branches": [[380, -379], [380, 381]]}, "TaskProApp.action_toggle_selection": {"executed_lines": [], "summary": {"covered_lines": 0, "num_statements": 5, "percent_covered": 0.0, "percent_covered_display": "0", "missing_lines": 5, "excluded_lines": 0, "num_branches": 4, "num_partial_branches": 0, "covered_branches": 0, "missing_branches": 4}, "missing_lines": [389, 390, 391, 393, 394], "excluded_lines": [], "executed_branches": [], "missing_branches": [[389, -388], [389, 390], [390, 391], [390, 393]]}, "TaskProApp.action_date_mode": {"executed_lines": [], "summary": {"covered_lines": 0, "num_statements": 2, "percent_covered": 0.0, "percent_covered_display": "0", "missing_lines": 2, "excluded_lines": 0, "num_branches": 0, "num_partial_branches": 0, "covered_branches": 0, "missing_branches": 0}, "missing_lines": [397, 403], "excluded_lines": [], "executed_branches": [], "missing_branches": []}, "TaskProApp.action_date_mode.check_result": {"executed_lines": [], "summary": {"covered_lines": 0, "num_statements": 4, "percent_covered": 0.0, "percent_covered_display": "0", "missing_lines": 4, "excluded_lines": 0, "num_branches": 4, "num_partial_branches": 0, "covered_branches": 0, "missing_branches": 4}, "missing_lines": [398, 399, 400, 401], "excluded_lines": [], "executed_branches": [], "missing_branches": [[398, 399], [398, 400], [400, -397], [400, 401]]}, "TaskProApp.action_prio_mode": {"executed_lines": [], "summary": {"covered_lines": 0, "num_statements": 1, "percent_covered": 0.0, "percent_covered_display": "0", "missing_lines": 1, "excluded_lines": 0, "num_branches": 0, "num_partial_branches": 0, "covered_branches": 0, "missing_branches": 0}, "missing_lines": [406], "excluded_lines": [], "executed_branches": [], "missing_branches": []}, "TaskProApp.apply_quick_date": {"executed_lines": [], "summary": {"covered_lines": 0, "num_statements": 11, "percent_covered": 0.0, "percent_covered_display": "0", "missing_lines": 11, "excluded_lines": 0, "num_branches": 6, "num_partial_branches": 0, "covered_branches": 0, "missing_branches": 6}, "missing_lines": [422, 425, 426, 427, 428, 429, 434, 435, 437, 438, 439], "excluded_lines": [], "executed_branches": [], "missing_branches": [[426, 427], [426, 437], [427, 426], [427, 428], [438, -421], [438, 439]]}, "TaskProApp.apply_quick_prio": {"executed_lines": [], "summary": {"covered_lines": 0, "num_statements": 11, "percent_covered": 0.0, "percent_covered_display": "0", "missing_lines": 11, "excluded_lines": 0, "num_branches": 6, "num_partial_branches": 0, "covered_branches": 0, "missing_branches": 6}, "missing_lines": [442, 445, 446, 447, 448, 449, 454, 455, 457, 458, 459], "excluded_lines": [], "executed_branches": [], "missing_branches": [[446, 447], [446, 457], [447, 446], [447, 448], [458, -441], [458, 459]]}, "TaskProApp.refresh_tasks": {"executed_lines": [], "summary": {"covered_lines": 0, "num_statements": 14, "percent_covered": 0.0, "percent_covered_display": "0", "missing_lines": 14, "excluded_lines": 0, "num_branches": 8, "num_partial_branches": 0, "covered_branches": 0, "missing_branches": 8}, "missing_lines": [463, 464, 465, 466, 467, 468, 469, 471, 472, 473, 474, 475, 476, 477], "excluded_lines": [], "executed_branches": [], "missing_branches": [[465, 466], [465, 471], [473, -462], [473, 474], [474, -462], [474, 475], [475, 474], [475, 476]]}, "TaskProApp.update_table_view": {"executed_lines": [], "summary": {"covered_lines": 0, "num_statements": 27, "percent_covered": 0.0, "percent_covered_display": "0", "missing_lines": 27, "excluded_lines": 0, "num_branches": 6, "num_partial_branches": 0, "covered_branches": 0, "missing_branches": 6}, "missing_lines": [480, 483, 484, 486, 487, 496, 497, 504, 506, 508, 524, 530, 531, 532, 533, 535, 536, 537, 538, 540, 541, 542, 544, 557, 559, 560, 562], "excluded_lines": [], "executed_branches": [], "missing_branches": [[496, 497], [496, 506], [530, -479], [530, 531], [557, 530], [557, 559]]}, "TaskProApp.update_table_view.sort_logic": {"executed_lines": [], "summary": {"covered_lines": 0, "num_statements": 10, "percent_covered": 0.0, "percent_covered_display": "0", "missing_lines": 10, "excluded_lines": 0, "num_branches": 4, "num_partial_branches": 0, "covered_branches": 0, "missing_branches": 4}, "missing_lines": [509, 510, 511, 512, 513, 514, 516, 518, 519, 521], "excluded_lines": [], "executed_branches": [], "missing_branches": [[510, 511], [510, 516], [516, 518], [516, 521]]}, "TaskProApp.on_data_table_header_selected": {"executed_lines": [], "summary": {"covered_lines": 0, "num_statements": 5, "percent_covered": 0.0, "percent_covered_display": "0", "missing_lines": 5, "excluded_lines": 0, "num_branches": 2, "num_partial_branches": 0, "covered_branches": 0, "missing_branches": 2}, "missing_lines": [565, 566, 568, 569, 570], "excluded_lines": [], "executed_branches": [], "missing_branches": [[565, 566], [565, 568]]}, "TaskProApp.on_data_table_row_selected": {"executed_lines": [], "summary": {"covered_lines": 0, "num_statements": 5, "percent_covered": 0.0, "percent_covered_display": "0", "missing_lines": 5, "excluded_lines": 0, "num_branches": 4, "num_partial_branches": 0, "covered_branches": 0, "missing_branches": 4}, "missing_lines": [579, 580, 584, 586, 588], "excluded_lines": [], "executed_branches": [], "missing_branches": [[579, 580], [579, 586], [586, -577], [586, 588]]}, "TaskProApp.on_data_table_row_highlighted": {"executed_lines": [], "summary": {"covered_lines": 0, "num_statements": 4, "percent_covered": 0.0, "percent_covered_display": "0", "missing_lines": 4, "excluded_lines": 0, "num_branches": 4, "num_partial_branches": 0, "covered_branches": 0, "missing_branches": 4}, "missing_lines": [592, 593, 595, 596], "excluded_lines": [], "executed_branches": [], "missing_branches": [[592, 593], [592, 595], [595, -590], [595, 596]]}, "TaskProApp.load_task_by_uuid": {"executed_lines": [], "summary": {"covered_lines": 0, "num_statements": 16, "percent_covered": 0.0, "percent_covered_display": "0", "missing_lines": 16, "excluded_lines": 0, "num_branches": 4, "num_partial_branches": 0, "covered_branches": 0, "missing_branches": 4}, "missing_lines": [599, 600, 601, 602, 603, 604, 605, 607, 608, 609, 610, 611, 612, 613, 614, 616], "excluded_lines": [], "executed_branches": [], "missing_branches": [[600, 601], [600, 602], [612, 613], [612, 616]]}, "TaskProApp.set_modify_mode": {"executed_lines": [], "summary": {"covered_lines": 0, "num_statements": 22, "percent_covered": 0.0, "percent_covered_display": "0", "missing_lines": 22, "excluded_lines": 0, "num_branches": 10, "num_partial_branches": 0, "covered_branches": 0, "missing_branches": 10}, "missing_lines": [619, 620, 621, 622, 625, 627, 628, 629, 630, 631, 632, 633, 634, 636, 637, 638, 639, 640, 651, 653, 654, 655], "excluded_lines": [], "executed_branches": [], "missing_branches": [[627, 628], [627, 636], [631, 632], [631, 653], [633, 631], [633, 634], [639, 640], [639, 653], [653, -618], [653, 654]]}, "TaskProApp.action_edit_mode": {"executed_lines": [], "summary": {"covered_lines": 0, "num_statements": 2, "percent_covered": 0.0, "percent_covered_display": "0", "missing_lines": 2, "excluded_lines": 0, "num_branches": 2, "num_partial_branches": 0, "covered_branches": 0, "missing_branches": 2}, "missing_lines": [658, 659], "excluded_lines": [], "executed_branches": [], "missing_branches": [[658, -657], [658, 659]]}, "TaskProApp.action_save_task": {"executed_lines": [], "summary": {"covered_lines": 0, "num_statements": 22, "percent_covered": 0.0, "percent_covered_display": "0", "missing_lines": 22, "excluded_lines": 0, "num_branches": 8, "num_partial_branches": 0, "covered_branches": 0, "missing_branches": 8}, "missing_lines": [662, 663, 668, 669, 671, 672, 673, 674, 676, 677, 678, 680, 692, 694, 696, 697, 698, 700, 701, 702, 703, 704], "excluded_lines": [], "executed_branches": [], "missing_branches": [[662, 663], [662, 668], [673, 674], [673, 676], [677, 678], [677, 680], [694, 696], [694, 700]]}, "TaskProApp.action_cancel_edit": {"executed_lines": [], "summary": {"covered_lines": 0, "num_statements": 2, "percent_covered": 0.0, "percent_covered_display": "0", "missing_lines": 2, "excluded_lines": 0, "num_branches": 0, "num_partial_branches": 0, "covered_branches": 0, "missing_branches": 0}, "missing_lines": [707, 708], "excluded_lines": [], "executed_branches": [], "missing_branches": []}, "run": {"executed_lines": [], "summary": {"covered_lines": 0, "num_statements": 17, "percent_covered": 0.0, "percent_covered_display": "0", "missing_lines": 17, "excluded_lines": 0, "num_branches": 2, "num_partial_branches": 0, "covered_branches": 0, "missing_branches": 2}, "missing_lines": [712, 717, 722, 728, 730, 731, 732, 733, 735, 736, 737, 738, 739, 740, 741, 742, 743], "excluded_lines": [], "executed_branches": [], "missing_branches": [[730, 731], [730, 735]]}, "": {"executed_lines": [1, 2, 3, 4, 5, 6, 7, 8, 17, 18, 20, 21, 22, 25, 35, 36, 58, 81, 83, 93, 125, 128, 140, 222, 243, 254, 261, 265, 268, 271, 274, 277, 281, 285, 300, 318, 326, 339, 366, 378, 388, 396, 405, 421, 441, 462, 479, 564, 577, 590, 598, 618, 657, 661, 706, 711, 746], "summary": {"covered_lines": 57, "num_statements": 58, "percent_covered": 96.66666666666667, "percent_covered_display": "97", "missing_lines": 1, "excluded_lines": 0, "num_branches": 2, "num_partial_branches": 1, "covered_branches": 1, "missing_branches": 1}, "missing_lines": [747], "excluded_lines": [], "executed_branches": [[746, -1]], "missing_branches": [[746, 747]]}}, "classes": {"TaskProApp": {"executed_lines": [], "summary": {"covered_lines": 0, "num_statements": 299, "percent_covered": 0.0, "percent_covered_display": "0", "missing_lines": 299, "excluded_lines": 0, "num_branches": 124, "num_partial_branches": 0, "covered_branches": 0, "missing_branches": 124}, "missing_lines": [84, 85, 86, 87, 88, 89, 90, 91, 94, 95, 96, 97, 98, 99, 100, 101, 102, 103, 104, 108, 109, 110, 111, 112, 113, 114, 120, 121, 122, 123, 126, 129, 130, 131, 132, 134, 135, 136, 138, 141, 142, 143, 144, 145, 146, 149, 150, 151, 152, 154, 155, 223, 224, 229, 245, 246, 255, 256, 257, 262, 263, 266, 269, 272, 275, 278, 279, 282, 283, 286, 287, 292, 293, 294, 296, 297, 298, 301, 302, 303, 304, 306, 307, 308, 309, 310, 311, 312, 314, 319, 320, 321, 322, 323, 324, 327, 328, 329, 330, 331, 332, 333, 334, 335, 336, 337, 340, 343, 345, 346, 348, 349, 350, 351, 352, 353, 355, 356, 358, 359, 361, 367, 368, 369, 370, 371, 372, 373, 374, 376, 379, 380, 381, 383, 384, 386, 389, 390, 391, 393, 394, 397, 398, 399, 400, 401, 403, 406, 422, 425, 426, 427, 428, 429, 434, 435, 437, 438, 439, 442, 445, 446, 447, 448, 449, 454, 455, 457, 458, 459, 463, 464, 465, 466, 467, 468, 469, 471, 472, 473, 474, 475, 476, 477, 480, 483, 484, 486, 487, 496, 497, 504, 506, 508, 509, 510, 511, 512, 513, 514, 516, 518, 519, 521, 524, 530, 531, 532, 533, 535, 536, 537, 538, 540, 541, 542, 544, 557, 559, 560, 562, 565, 566, 568, 569, 570, 579, 580, 584, 586, 588, 592, 593, 595, 596, 599, 600, 601, 602, 603, 604, 605, 607, 608, 609, 610, 611, 612, 613, 614, 616, 619, 620, 621, 622, 625, 627, 628, 629, 630, 631, 632, 633, 634, 636, 637, 638, 639, 640, 651, 653, 654, 655, 658, 659, 662, 663, 668, 669, 671, 672, 673, 674, 676, 677, 678, 680, 692, 694, 696, 697, 698, 700, 701, 702, 703, 704, 707, 708], "excluded_lines": [], "executed_branches": [], "missing_branches": [[130, 131], [130, 134], [135, 136], [135, 138], [141, 142], [141, 149], [143, 144], [143, 149], [149, 150], [149, 154], [154, -140], [154, 155], [223, 224], [223, 229], [245, -243], [245, 246], [255, -254], [255, 256], [262, -261], [262, 263], [292, 293], [292, 296], [301, 302], [301, 303], [304, -300], [304, 306], [307, -306], [307, 308], [309, -306], [309, 310], [310, 309], [310, 311], [321, 322], [321, 323], [327, 328], [327, 329], [330, -326], [330, 331], [345, 346], [345, 348], [349, 350], [349, 355], [358, 359], [358, 361], [368, -367], [368, 369], [371, -367], [371, 372], [372, 371], [372, 373], [380, -379], [380, 381], [389, -388], [389, 390], [390, 391], [390, 393], [398, 399], [398, 400], [400, -397], [400, 401], [426, 427], [426, 437], [427, 426], [427, 428], [438, -421], [438, 439], [446, 447], [446, 457], [447, 446], [447, 448], [458, -441], [458, 459], [465, 466], [465, 471], [473, -462], [473, 474], [474, -462], [474, 475], [475, 474], [475, 476], [496, 497], [496, 506], [510, 511], [510, 516], [516, 518], [516, 521], [530, -479], [530, 531], [557, 530], [557, 559], [565, 566], [565, 568], [579, 580], [579, 586], [586, -577], [586, 588], [592, 593], [592, 595], [595, -590], [595, 596], [600, 601], [600, 602], [612, 613], [612, 616], [627, 628], [627, 636], [631, 632], [631, 653], [633, 631], [633, 634], [639, 640], [639, 653], [653, -618], [653, 654], [658, -657], [658, 659], [662, 663], [662, 668], [673, 674], [673, 676], [677, 678], [677, 680], [694, 696], [694, 700]]}, "": {"executed_lines": [1, 2, 3, 4, 5, 6, 7, 8, 17, 18, 20, 21, 22, 25, 35, 36, 58, 81, 83, 93, 125, 128, 140, 222, 243, 254, 261, 265, 268, 271, 274, 277, 281, 285, 300, 318, 326, 339, 366, 378, 388, 396, 405, 421, 441, 462, 479, 564, 577, 590, 598, 618, 657, 661, 706, 711, 746], "summary": {"covered_lines": 57, "num_statements": 80, "percent_covered": 69.04761904761905, "percent_covered_display": "69", "missing_lines": 23, "excluded_lines": 0, "num_branches": 4, "num_partial_branches": 1, "covered_branches": 1, "missing_branches": 3}, "missing_lines": [27, 28, 29, 30, 31, 712, 717, 722, 728, 730, 731, 732, 733, 735, 736, 737, 738, 739, 740, 741, 742, 743, 747], "excluded_lines": [], "executed_branches": [[746, -1]], "missing_branches": [[730, 731], [730, 735], [746, 747]]}}}, "task_tui/models/__init__.py": {"executed_lines": [1, 3], "summary": {"covered_lines": 2, "num_statements": 2, "percent_covered": 100.0, "percent_covered_display": "100", "missing_lines": 0, "excluded_lines": 0, "num_branches": 0, "num_partial_branches": 0, "covered_branches": 0, "missing_branches": 0}, "missing_lines": [], "excluded_lines": [], "executed_branches": [], "missing_branches": [], "functions": {"": {"executed_lines": [1, 3], "summary": {"covered_lines": 2, "num_statements": 2, "percent_covered": 100.0, "percent_covered_display": "100", "missing_lines": 0, "excluded_lines": 0, "num_branches": 0, "num_partial_branches": 0, "covered_branches": 0, "missing_branches": 0}, "missing_lines": [], "excluded_lines": [], "executed_branches": [], "missing_branches": []}}, "classes": {"": {"executed_lines": [1, 3], "summary": {"covered_lines": 2, "num_statements": 2, "percent_covered": 100.0, "percent_covered_display": "100", "missing_lines": 0, "excluded_lines": 0, "num_branches": 0, "num_partial_branches": 0, "covered_branches": 0, "missing_branches": 0}, "missing_lines": [], "excluded_lines": [], "executed_branches": [], "missing_branches": []}}}, "task_tui/models/task.py": {"executed_lines": [1, 2, 3, 6, 8, 9, 15, 16, 17, 18, 19, 20, 21, 24, 26, 27, 28, 29, 30], "summary": {"covered_lines": 19, "num_statements": 19, "percent_covered": 100.0, "percent_covered_display": "100", "missing_lines": 0, "excluded_lines": 0, "num_branches": 0, "num_partial_branches": 0, "covered_branches": 0, "missing_branches": 0}, "missing_lines": [], "excluded_lines": [], "executed_branches": [], "missing_branches": [], "functions": {"load_pending_tasks": {"executed_lines": [8, 9, 15, 16, 17, 18, 19, 20, 21], "summary": {"covered_lines": 9, "num_statements": 9, "percent_covered": 100.0, "percent_covered_display": "100", "missing_lines": 0, "excluded_lines": 0, "num_branches": 0, "num_partial_branches": 0, "covered_branches": 0, "missing_branches": 0}, "missing_lines": [], "excluded_lines": [], "executed_branches": [], "missing_branches": []}, "sync_tasks": {"executed_lines": [26, 27, 28, 29, 30], "summary": {"covered_lines": 5, "num_statements": 5, "percent_covered": 100.0, "percent_covered_display": "100", "missing_lines": 0, "excluded_lines": 0, "num_branches": 0, "num_partial_branches": 0, "covered_branches": 0, "missing_branches": 0}, "missing_lines": [], "excluded_lines": [], "executed_branches": [], "missing_branches": []}, "": {"executed_lines": [1, 2, 3, 6, 24], "summary": {"covered_lines": 5, "num_statements": 5, "percent_covered": 100.0, "percent_covered_display": "100", "missing_lines": 0, "excluded_lines": 0, "num_branches": 0, "num_partial_branches": 0, "covered_branches": 0, "missing_branches": 0}, "missing_lines": [], "excluded_lines": [], "executed_branches": [], "missing_branches": []}}, "classes": {"": {"executed_lines": [1, 2, 3, 6, 8, 9, 15, 16, 17, 18, 19, 20, 21, 24, 26, 27, 28, 29, 30], "summary": {"covered_lines": 19, "num_statements": 19, "percent_covered": 100.0, "percent_covered_display": "100", "missing_lines": 0, "excluded_lines": 0, "num_branches": 0, "num_partial_branches": 0, "covered_branches": 0, "missing_branches": 0}, "missing_lines": [], "excluded_lines": [], "executed_branches": [], "missing_branches": []}}}, "task_tui/screens/__init__.py": {"executed_lines": [1, 2, 3, 5], "summary": {"covered_lines": 4, "num_statements": 4, "percent_covered": 100.0, "percent_covered_display": "100", "missing_lines": 0, "excluded_lines": 0, "num_branches": 0, "num_partial_branches": 0, "covered_branches": 0, "missing_branches": 0}, "missing_lines": [], "excluded_lines": [], "executed_branches": [], "missing_branches": [], "functions": {"": {"executed_lines": [1, 2, 3, 5], "summary": {"covered_lines": 4, "num_statements": 4, "percent_covered": 100.0, "percent_covered_display": "100", "missing_lines": 0, "excluded_lines": 0, "num_branches": 0, "num_partial_branches": 0, "covered_branches": 0, "missing_branches": 0}, "missing_lines": [], "excluded_lines": [], "executed_branches": [], "missing_branches": []}}, "classes": {"": {"executed_lines": [1, 2, 3, 5], "summary": {"covered_lines": 4, "num_statements": 4, "percent_covered": 100.0, "percent_covered_display": "100", "missing_lines": 0, "excluded_lines": 0, "num_branches": 0, "num_partial_branches": 0, "covered_branches": 0, "missing_branches": 0}, "missing_lines": [], "excluded_lines": [], "executed_branches": [], "missing_branches": []}}}, "task_tui/screens/dependency_list.py": {"executed_lines": [1, 2, 3, 4, 7, 8, 9, 10, 11, 13, 21, 39, 45, 46, 47], "summary": {"covered_lines": 15, "num_statements": 34, "percent_covered": 36.36363636363637, "percent_covered_display": "36", "missing_lines": 19, "excluded_lines": 0, "num_branches": 10, "num_partial_branches": 1, "covered_branches": 1, "missing_branches": 9}, "missing_lines": [14, 15, 16, 19, 22, 23, 24, 25, 26, 27, 32, 33, 34, 35, 36, 37, 40, 41, 43], "excluded_lines": [], "executed_branches": [[46, 47]], "missing_branches": [[25, 26], [25, 35], [26, 25], [26, 27], [35, 36], [35, 37], [40, 41], [40, 43], [46, -45]], "functions": {"DependencyListScreen.__init__": {"executed_lines": [9, 10, 11], "summary": {"covered_lines": 3, "num_statements": 3, "percent_covered": 100.0, "percent_covered_display": "100", "missing_lines": 0, "excluded_lines": 0, "num_branches": 0, "num_partial_branches": 0, "covered_branches": 0, "missing_branches": 0}, "missing_lines": [], "excluded_lines": [], "executed_branches": [], "missing_branches": []}, "DependencyListScreen.compose": {"executed_lines": [], "summary": {"covered_lines": 0, "num_statements": 4, "percent_covered": 0.0, "percent_covered_display": "0", "missing_lines": 4, "excluded_lines": 0, "num_branches": 0, "num_partial_branches": 0, "covered_branches": 0, "missing_branches": 0}, "missing_lines": [14, 15, 16, 19], "excluded_lines": [], "executed_branches": [], "missing_branches": []}, "DependencyListScreen.on_mount": {"executed_lines": [], "summary": {"covered_lines": 0, "num_statements": 12, "percent_covered": 0.0, "percent_covered_display": "0", "missing_lines": 12, "excluded_lines": 0, "num_branches": 6, "num_partial_branches": 0, "covered_branches": 0, "missing_branches": 6}, "missing_lines": [22, 23, 24, 25, 26, 27, 32, 33, 34, 35, 36, 37], "excluded_lines": [], "executed_branches": [], "missing_branches": [[25, 26], [25, 35], [26, 25], [26, 27], [35, 36], [35, 37]]}, "DependencyListScreen.on_list_view_selected": {"executed_lines": [], "summary": {"covered_lines": 0, "num_statements": 3, "percent_covered": 0.0, "percent_covered_display": "0", "missing_lines": 3, "excluded_lines": 0, "num_branches": 2, "num_partial_branches": 0, "covered_branches": 0, "missing_branches": 2}, "missing_lines": [40, 41, 43], "excluded_lines": [], "executed_branches": [], "missing_branches": [[40, 41], [40, 43]]}, "DependencyListScreen.on_key": {"executed_lines": [46, 47], "summary": {"covered_lines": 2, "num_statements": 2, "percent_covered": 75.0, "percent_covered_display": "75", "missing_lines": 0, "excluded_lines": 0, "num_branches": 2, "num_partial_branches": 1, "covered_branches": 1, "missing_branches": 1}, "missing_lines": [], "excluded_lines": [], "executed_branches": [[46, 47]], "missing_branches": [[46, -45]]}, "": {"executed_lines": [1, 2, 3, 4, 7, 8, 13, 21, 39, 45], "summary": {"covered_lines": 10, "num_statements": 10, "percent_covered": 100.0, "percent_covered_display": "100", "missing_lines": 0, "excluded_lines": 0, "num_branches": 0, "num_partial_branches": 0, "covered_branches": 0, "missing_branches": 0}, "missing_lines": [], "excluded_lines": [], "executed_branches": [], "missing_branches": []}}, "classes": {"DependencyListScreen": {"executed_lines": [9, 10, 11, 46, 47], "summary": {"covered_lines": 5, "num_statements": 24, "percent_covered": 17.647058823529413, "percent_covered_display": "18", "missing_lines": 19, "excluded_lines": 0, "num_branches": 10, "num_partial_branches": 1, "covered_branches": 1, "missing_branches": 9}, "missing_lines": [14, 15, 16, 19, 22, 23, 24, 25, 26, 27, 32, 33, 34, 35, 36, 37, 40, 41, 43], "excluded_lines": [], "executed_branches": [[46, 47]], "missing_branches": [[25, 26], [25, 35], [26, 25], [26, 27], [35, 36], [35, 37], [40, 41], [40, 43], [46, -45]]}, "": {"executed_lines": [1, 2, 3, 4, 7, 8, 13, 21, 39, 45], "summary": {"covered_lines": 10, "num_statements": 10, "percent_covered": 100.0, "percent_covered_display": "100", "missing_lines": 0, "excluded_lines": 0, "num_branches": 0, "num_partial_branches": 0, "covered_branches": 0, "missing_branches": 0}, "missing_lines": [], "excluded_lines": [], "executed_branches": [], "missing_branches": []}}}, "task_tui/screens/fuzzy_search.py": {"executed_lines": [1, 2, 3, 4, 5, 6, 9, 10, 22, 27, 39, 40, 45, 46, 47, 48, 50, 53, 64], "summary": {"covered_lines": 19, "num_statements": 47, "percent_covered": 33.333333333333336, "percent_covered_display": "33", "missing_lines": 28, "excluded_lines": 0, "num_branches": 10, "num_partial_branches": 0, "covered_branches": 0, "missing_branches": 10}, "missing_lines": [11, 12, 13, 17, 20, 23, 24, 25, 28, 30, 31, 32, 33, 34, 35, 36, 37, 51, 54, 55, 56, 57, 58, 59, 60, 61, 62, 65], "excluded_lines": [], "executed_branches": [], "missing_branches": [[30, 31], [30, 33], [33, 34], [33, 36], [36, -27], [36, 37], [56, -53], [56, 57], [59, 56], [59, 60]], "functions": {"FuzzySearchScreen.compose": {"executed_lines": [], "summary": {"covered_lines": 0, "num_statements": 5, "percent_covered": 0.0, "percent_covered_display": "0", "missing_lines": 5, "excluded_lines": 0, "num_branches": 0, "num_partial_branches": 0, "covered_branches": 0, "missing_branches": 0}, "missing_lines": [11, 12, 13, 17, 20], "excluded_lines": [], "executed_branches": [], "missing_branches": []}, "FuzzySearchScreen.on_mount": {"executed_lines": [], "summary": {"covered_lines": 0, "num_statements": 3, "percent_covered": 0.0, "percent_covered_display": "0", "missing_lines": 3, "excluded_lines": 0, "num_branches": 0, "num_partial_branches": 0, "covered_branches": 0, "missing_branches": 0}, "missing_lines": [23, 24, 25], "excluded_lines": [], "executed_branches": [], "missing_branches": []}, "FuzzySearchScreen.on_key": {"executed_lines": [], "summary": {"covered_lines": 0, "num_statements": 9, "percent_covered": 0.0, "percent_covered_display": "0", "missing_lines": 9, "excluded_lines": 0, "num_branches": 6, "num_partial_branches": 0, "covered_branches": 0, "missing_branches": 6}, "missing_lines": [28, 30, 31, 32, 33, 34, 35, 36, 37], "excluded_lines": [], "executed_branches": [], "missing_branches": [[30, 31], [30, 33], [33, 34], [33, 36], [36, -27], [36, 37]]}, "FuzzySearchScreen.load_tasks": {"executed_lines": [40, 45, 46, 47, 48], "summary": {"covered_lines": 5, "num_statements": 5, "percent_covered": 100.0, "percent_covered_display": "100", "missing_lines": 0, "excluded_lines": 0, "num_branches": 0, "num_partial_branches": 0, "covered_branches": 0, "missing_branches": 0}, "missing_lines": [], "excluded_lines": [], "executed_branches": [], "missing_branches": []}, "FuzzySearchScreen.on_input_changed": {"executed_lines": [], "summary": {"covered_lines": 0, "num_statements": 1, "percent_covered": 0.0, "percent_covered_display": "0", "missing_lines": 1, "excluded_lines": 0, "num_branches": 0, "num_partial_branches": 0, "covered_branches": 0, "missing_branches": 0}, "missing_lines": [51], "excluded_lines": [], "executed_branches": [], "missing_branches": []}, "FuzzySearchScreen.update_list": {"executed_lines": [], "summary": {"covered_lines": 0, "num_statements": 9, "percent_covered": 0.0, "percent_covered_display": "0", "missing_lines": 9, "excluded_lines": 0, "num_branches": 4, "num_partial_branches": 0, "covered_branches": 0, "missing_branches": 4}, "missing_lines": [54, 55, 56, 57, 58, 59, 60, 61, 62], "excluded_lines": [], "executed_branches": [], "missing_branches": [[56, -53], [56, 57], [59, 56], [59, 60]]}, "FuzzySearchScreen.on_list_view_selected": {"executed_lines": [], "summary": {"covered_lines": 0, "num_statements": 1, "percent_covered": 0.0, "percent_covered_display": "0", "missing_lines": 1, "excluded_lines": 0, "num_branches": 0, "num_partial_branches": 0, "covered_branches": 0, "missing_branches": 0}, "missing_lines": [65], "excluded_lines": [], "executed_branches": [], "missing_branches": []}, "": {"executed_lines": [1, 2, 3, 4, 5, 6, 9, 10, 22, 27, 39, 50, 53, 64], "summary": {"covered_lines": 14, "num_statements": 14, "percent_covered": 100.0, "percent_covered_display": "100", "missing_lines": 0, "excluded_lines": 0, "num_branches": 0, "num_partial_branches": 0, "covered_branches": 0, "missing_branches": 0}, "missing_lines": [], "excluded_lines": [], "executed_branches": [], "missing_branches": []}}, "classes": {"FuzzySearchScreen": {"executed_lines": [40, 45, 46, 47, 48], "summary": {"covered_lines": 5, "num_statements": 33, "percent_covered": 11.627906976744185, "percent_covered_display": "12", "missing_lines": 28, "excluded_lines": 0, "num_branches": 10, "num_partial_branches": 0, "covered_branches": 0, "missing_branches": 10}, "missing_lines": [11, 12, 13, 17, 20, 23, 24, 25, 28, 30, 31, 32, 33, 34, 35, 36, 37, 51, 54, 55, 56, 57, 58, 59, 60, 61, 62, 65], "excluded_lines": [], "executed_branches": [], "missing_branches": [[30, 31], [30, 33], [33, 34], [33, 36], [36, -27], [36, 37], [56, -53], [56, 57], [59, 56], [59, 60]]}, "": {"executed_lines": [1, 2, 3, 4, 5, 6, 9, 10, 22, 27, 39, 50, 53, 64], "summary": {"covered_lines": 14, "num_statements": 14, "percent_covered": 100.0, "percent_covered_display": "100", "missing_lines": 0, "excluded_lines": 0, "num_branches": 0, "num_partial_branches": 0, "covered_branches": 0, "missing_branches": 0}, "missing_lines": [], "excluded_lines": [], "executed_branches": [], "missing_branches": []}}}, "task_tui/screens/quick_menu.py": {"executed_lines": [1, 2, 3, 6, 7, 8, 9, 10, 12, 23, 24, 26, 27, 28, 30, 31, 32, 33, 34, 35, 36, 37, 38, 39, 40, 41, 42, 43, 44, 45, 46, 47, 48, 49, 50, 51, 52, 53, 54, 55, 56, 57, 58, 59, 61], "summary": {"covered_lines": 45, "num_statements": 53, "percent_covered": 78.49462365591398, "percent_covered_display": "78", "missing_lines": 8, "excluded_lines": 0, "num_branches": 40, "num_partial_branches": 6, "covered_branches": 28, "missing_branches": 12}, "missing_lines": [13, 14, 15, 16, 17, 18, 19, 21], "excluded_lines": [], "executed_branches": [[26, 27], [26, 31], [27, 28], [27, 30], [31, 32], [31, 40], [32, 33], [32, 35], [35, 36], [35, 38], [38, 39], [40, 41], [40, 49], [41, 42], [41, 43], [43, 44], [43, 45], [45, 46], [47, 48], [49, 50], [50, 51], [50, 52], [52, 53], [52, 54], [54, 55], [54, 56], [56, 57], [58, 59]], "missing_branches": [[14, 15], [14, 16], [16, 17], [16, 18], [18, 19], [18, 21], [38, 61], [45, 47], [47, 61], [49, 61], [56, 58], [58, 61]], "functions": {"QuickMenuScreen.__init__": {"executed_lines": [8, 9, 10], "summary": {"covered_lines": 3, "num_statements": 3, "percent_covered": 100.0, "percent_covered_display": "100", "missing_lines": 0, "excluded_lines": 0, "num_branches": 0, "num_partial_branches": 0, "covered_branches": 0, "missing_branches": 0}, "missing_lines": [], "excluded_lines": [], "executed_branches": [], "missing_branches": []}, "QuickMenuScreen.compose": {"executed_lines": [], "summary": {"covered_lines": 0, "num_statements": 8, "percent_covered": 0.0, "percent_covered_display": "0", "missing_lines": 8, "excluded_lines": 0, "num_branches": 6, "num_partial_branches": 0, "covered_branches": 0, "missing_branches": 6}, "missing_lines": [13, 14, 15, 16, 17, 18, 19, 21], "excluded_lines": [], "executed_branches": [], "missing_branches": [[14, 15], [14, 16], [16, 17], [16, 18], [18, 19], [18, 21]]}, "QuickMenuScreen.on_key": {"executed_lines": [24, 26, 27, 28, 30, 31, 32, 33, 34, 35, 36, 37, 38, 39, 40, 41, 42, 43, 44, 45, 46, 47, 48, 49, 50, 51, 52, 53, 54, 55, 56, 57, 58, 59, 61], "summary": {"covered_lines": 35, "num_statements": 35, "percent_covered": 91.30434782608695, "percent_covered_display": "91", "missing_lines": 0, "excluded_lines": 0, "num_branches": 34, "num_partial_branches": 6, "covered_branches": 28, "missing_branches": 6}, "missing_lines": [], "excluded_lines": [], "executed_branches": [[26, 27], [26, 31], [27, 28], [27, 30], [31, 32], [31, 40], [32, 33], [32, 35], [35, 36], [35, 38], [38, 39], [40, 41], [40, 49], [41, 42], [41, 43], [43, 44], [43, 45], [45, 46], [47, 48], [49, 50], [50, 51], [50, 52], [52, 53], [52, 54], [54, 55], [54, 56], [56, 57], [58, 59]], "missing_branches": [[38, 61], [45, 47], [47, 61], [49, 61], [56, 58], [58, 61]]}, "": {"executed_lines": [1, 2, 3, 6, 7, 12, 23], "summary": {"covered_lines": 7, "num_statements": 7, "percent_covered": 100.0, "percent_covered_display": "100", "missing_lines": 0, "excluded_lines": 0, "num_branches": 0, "num_partial_branches": 0, "covered_branches": 0, "missing_branches": 0}, "missing_lines": [], "excluded_lines": [], "executed_branches": [], "missing_branches": []}}, "classes": {"QuickMenuScreen": {"executed_lines": [8, 9, 10, 24, 26, 27, 28, 30, 31, 32, 33, 34, 35, 36, 37, 38, 39, 40, 41, 42, 43, 44, 45, 46, 47, 48, 49, 50, 51, 52, 53, 54, 55, 56, 57, 58, 59, 61], "summary": {"covered_lines": 38, "num_statements": 46, "percent_covered": 76.74418604651163, "percent_covered_display": "77", "missing_lines": 8, "excluded_lines": 0, "num_branches": 40, "num_partial_branches": 6, "covered_branches": 28, "missing_branches": 12}, "missing_lines": [13, 14, 15, 16, 17, 18, 19, 21], "excluded_lines": [], "executed_branches": [[26, 27], [26, 31], [27, 28], [27, 30], [31, 32], [31, 40], [32, 33], [32, 35], [35, 36], [35, 38], [38, 39], [40, 41], [40, 49], [41, 42], [41, 43], [43, 44], [43, 45], [45, 46], [47, 48], [49, 50], [50, 51], [50, 52], [52, 53], [52, 54], [54, 55], [54, 56], [56, 57], [58, 59]], "missing_branches": [[14, 15], [14, 16], [16, 17], [16, 18], [18, 19], [18, 21], [38, 61], [45, 47], [47, 61], [49, 61], [56, 58], [58, 61]]}, "": {"executed_lines": [1, 2, 3, 6, 7, 12, 23], "summary": {"covered_lines": 7, "num_statements": 7, "percent_covered": 100.0, "percent_covered_display": "100", "missing_lines": 0, "excluded_lines": 0, "num_branches": 0, "num_partial_branches": 0, "covered_branches": 0, "missing_branches": 0}, "missing_lines": [], "excluded_lines": [], "executed_branches": [], "missing_branches": []}}}, "task_tui/utils/__init__.py": {"executed_lines": [1, 3], "summary": {"covered_lines": 2, "num_statements": 2, "percent_covered": 100.0, "percent_covered_display": "100", "missing_lines": 0, "excluded_lines": 0, "num_branches": 0, "num_partial_branches": 0, "covered_branches": 0, "missing_branches": 0}, "missing_lines": [], "excluded_lines": [], "executed_branches": [], "missing_branches": [], "functions": {"": {"executed_lines": [1, 3], "summary": {"covered_lines": 2, "num_statements": 2, "percent_covered": 100.0, "percent_covered_display": "100", "missing_lines": 0, "excluded_lines": 0, "num_branches": 0, "num_partial_branches": 0, "covered_branches": 0, "missing_branches": 0}, "missing_lines": [], "excluded_lines": [], "executed_branches": [], "missing_branches": []}}, "classes": {"": {"executed_lines": [1, 3], "summary": {"covered_lines": 2, "num_statements": 2, "percent_covered": 100.0, "percent_covered_display": "100", "missing_lines": 0, "excluded_lines": 0, "num_branches": 0, "num_partial_branches": 0, "covered_branches": 0, "missing_branches": 0}, "missing_lines": [], "excluded_lines": [], "executed_branches": [], "missing_branches": []}}}, "task_tui/utils/colors.py": {"executed_lines": [1, 3, 4, 6, 41, 42, 45, 47, 50, 52, 53, 54, 55], "summary": {"covered_lines": 13, "num_statements": 13, "percent_covered": 100.0, "percent_covered_display": "100", "missing_lines": 0, "excluded_lines": 0, "num_branches": 4, "num_partial_branches": 0, "covered_branches": 4, "missing_branches": 0}, "missing_lines": [], "excluded_lines": [], "executed_branches": [[3, 4], [3, 6], [53, 54], [53, 55]], "missing_branches": [], "functions": {"get_project_color": {"executed_lines": [3, 4, 6, 41, 42], "summary": {"covered_lines": 5, "num_statements": 5, "percent_covered": 100.0, "percent_covered_display": "100", "missing_lines": 0, "excluded_lines": 0, "num_branches": 2, "num_partial_branches": 0, "covered_branches": 2, "missing_branches": 0}, "missing_lines": [], "excluded_lines": [], "executed_branches": [[3, 4], [3, 6]], "missing_branches": []}, "get_priority_color": {"executed_lines": [47], "summary": {"covered_lines": 1, "num_statements": 1, "percent_covered": 100.0, "percent_covered_display": "100", "missing_lines": 0, "excluded_lines": 0, "num_branches": 0, "num_partial_branches": 0, "covered_branches": 0, "missing_branches": 0}, "missing_lines": [], "excluded_lines": [], "executed_branches": [], "missing_branches": []}, "format_urgency": {"executed_lines": [52, 53, 54, 55], "summary": {"covered_lines": 4, "num_statements": 4, "percent_covered": 100.0, "percent_covered_display": "100", "missing_lines": 0, "excluded_lines": 0, "num_branches": 2, "num_partial_branches": 0, "covered_branches": 2, "missing_branches": 0}, "missing_lines": [], "excluded_lines": [], "executed_branches": [[53, 54], [53, 55]], "missing_branches": []}, "": {"executed_lines": [1, 45, 50], "summary": {"covered_lines": 3, "num_statements": 3, "percent_covered": 100.0, "percent_covered_display": "100", "missing_lines": 0, "excluded_lines": 0, "num_branches": 0, "num_partial_branches": 0, "covered_branches": 0, "missing_branches": 0}, "missing_lines": [], "excluded_lines": [], "executed_branches": [], "missing_branches": []}}, "classes": {"": {"executed_lines": [1, 3, 4, 6, 41, 42, 45, 47, 50, 52, 53, 54, 55], "summary": {"covered_lines": 13, "num_statements": 13, "percent_covered": 100.0, "percent_covered_display": "100", "missing_lines": 0, "excluded_lines": 0, "num_branches": 4, "num_partial_branches": 0, "covered_branches": 4, "missing_branches": 0}, "missing_lines": [], "excluded_lines": [], "executed_branches": [[3, 4], [3, 6], [53, 54], [53, 55]], "missing_branches": []}}}}, "totals": {"covered_lines": 176, "num_statements": 553, "percent_covered": 28.187919463087248, "percent_covered_display": "28", "missing_lines": 377, "excluded_lines": 0, "num_branches": 192, "num_partial_branches": 8, "covered_branches": 34, "missing_branches": 158}}